{
    "/Users/os/Documents/code/biblio/lssdk/packages/core/src/index.ts": {
        "path": "/Users/os/Documents/code/biblio/lssdk/packages/core/src/index.ts",
        "all": true,
        "statementMap": {
            "0": {
                "start": { "line": 1, "column": 0 },
                "end": { "line": 1, "column": 26 }
            },
            "1": {
                "start": { "line": 2, "column": 0 },
                "end": { "line": 2, "column": 27 }
            },
            "2": {
                "start": { "line": 3, "column": 0 },
                "end": { "line": 3, "column": 23 }
            },
            "3": {
                "start": { "line": 4, "column": 0 },
                "end": { "line": 4, "column": 28 }
            },
            "4": {
                "start": { "line": 5, "column": 0 },
                "end": { "line": 5, "column": 24 }
            }
        },
        "s": { "0": 0, "1": 0, "2": 0, "3": 0, "4": 0 },
        "branchMap": {
            "0": {
                "type": "branch",
                "line": 1,
                "loc": {
                    "start": { "line": 1, "column": 132 },
                    "end": { "line": 5, "column": 24 }
                },
                "locations": [
                    {
                        "start": { "line": 1, "column": 132 },
                        "end": { "line": 5, "column": 24 }
                    }
                ]
            }
        },
        "b": { "0": [0] },
        "fnMap": {
            "0": {
                "name": "(empty-report)",
                "decl": {
                    "start": { "line": 1, "column": 132 },
                    "end": { "line": 5, "column": 24 }
                },
                "loc": {
                    "start": { "line": 1, "column": 132 },
                    "end": { "line": 5, "column": 24 }
                },
                "line": 1
            }
        },
        "f": { "0": 0 }
    },
    "/Users/os/Documents/code/biblio/lssdk/packages/core/src/constants/index.ts": {
        "path": "/Users/os/Documents/code/biblio/lssdk/packages/core/src/constants/index.ts",
        "all": false,
        "statementMap": {
            "0": {
                "start": { "line": 1, "column": 0 },
                "end": { "line": 1, "column": 24 }
            },
            "1": {
                "start": { "line": 2, "column": 0 },
                "end": { "line": 2, "column": 59 }
            },
            "3": {
                "start": { "line": 4, "column": 0 },
                "end": { "line": 4, "column": 40 }
            },
            "4": {
                "start": { "line": 5, "column": 0 },
                "end": { "line": 5, "column": 33 }
            },
            "5": {
                "start": { "line": 6, "column": 0 },
                "end": { "line": 6, "column": 36 }
            },
            "6": {
                "start": { "line": 7, "column": 0 },
                "end": { "line": 7, "column": 42 }
            },
            "7": {
                "start": { "line": 8, "column": 0 },
                "end": { "line": 8, "column": 35 }
            },
            "8": {
                "start": { "line": 9, "column": 0 },
                "end": { "line": 9, "column": 59 }
            },
            "9": {
                "start": { "line": 10, "column": 0 },
                "end": { "line": 10, "column": 36 }
            }
        },
        "s": {
            "0": 1,
            "1": 1,
            "3": 1,
            "4": 1,
            "5": 1,
            "6": 1,
            "7": 1,
            "8": 1,
            "9": 1
        },
        "branchMap": {},
        "b": {},
        "fnMap": {},
        "f": {}
    },
    "/Users/os/Documents/code/biblio/lssdk/packages/core/src/objects/beasts.ts": {
        "path": "/Users/os/Documents/code/biblio/lssdk/packages/core/src/objects/beasts.ts",
        "all": false,
        "statementMap": {
            "0": {
                "start": { "line": 1, "column": 0 },
                "end": { "line": 1, "column": 41 }
            },
            "1": {
                "start": { "line": 2, "column": 0 },
                "end": { "line": 2, "column": 67 }
            },
            "3": {
                "start": { "line": 4, "column": 0 },
                "end": { "line": 4, "column": 27 }
            },
            "4": {
                "start": { "line": 5, "column": 0 },
                "end": { "line": 5, "column": 79 }
            },
            "5": {
                "start": { "line": 6, "column": 0 },
                "end": { "line": 6, "column": 42 }
            },
            "6": {
                "start": { "line": 7, "column": 0 },
                "end": { "line": 7, "column": 41 }
            },
            "7": {
                "start": { "line": 8, "column": 0 },
                "end": { "line": 8, "column": 43 }
            },
            "8": {
                "start": { "line": 9, "column": 0 },
                "end": { "line": 9, "column": 4 }
            },
            "10": {
                "start": { "line": 11, "column": 0 },
                "end": { "line": 11, "column": 77 }
            },
            "11": {
                "start": { "line": 12, "column": 0 },
                "end": { "line": 12, "column": 41 }
            },
            "12": {
                "start": { "line": 13, "column": 0 },
                "end": { "line": 13, "column": 39 }
            },
            "13": {
                "start": { "line": 14, "column": 0 },
                "end": { "line": 14, "column": 39 }
            },
            "14": {
                "start": { "line": 15, "column": 0 },
                "end": { "line": 15, "column": 4 }
            },
            "17": {
                "start": { "line": 18, "column": 0 },
                "end": { "line": 18, "column": 42 }
            },
            "19": {
                "start": { "line": 20, "column": 0 },
                "end": { "line": 20, "column": 44 }
            },
            "20": {
                "start": { "line": 21, "column": 0 },
                "end": { "line": 21, "column": 55 }
            },
            "21": {
                "start": { "line": 22, "column": 0 },
                "end": { "line": 22, "column": 3 }
            },
            "23": {
                "start": { "line": 24, "column": 0 },
                "end": { "line": 24, "column": 39 }
            },
            "24": {
                "start": { "line": 25, "column": 0 },
                "end": { "line": 25, "column": 25 }
            },
            "25": {
                "start": { "line": 26, "column": 0 },
                "end": { "line": 26, "column": 3 }
            },
            "27": {
                "start": { "line": 28, "column": 0 },
                "end": { "line": 28, "column": 57 }
            },
            "28": {
                "start": { "line": 29, "column": 0 },
                "end": { "line": 29, "column": 52 }
            },
            "29": {
                "start": { "line": 30, "column": 0 },
                "end": { "line": 30, "column": 3 }
            },
            "31": {
                "start": { "line": 32, "column": 0 },
                "end": { "line": 32, "column": 66 }
            },
            "32": {
                "start": { "line": 33, "column": 0 },
                "end": { "line": 33, "column": 30 }
            },
            "33": {
                "start": { "line": 34, "column": 0 },
                "end": { "line": 34, "column": 3 }
            },
            "35": {
                "start": { "line": 36, "column": 0 },
                "end": { "line": 36, "column": 51 }
            },
            "36": {
                "start": { "line": 37, "column": 0 },
                "end": { "line": 37, "column": 54 }
            },
            "37": {
                "start": { "line": 38, "column": 0 },
                "end": { "line": 38, "column": 3 }
            },
            "39": {
                "start": { "line": 40, "column": 0 },
                "end": { "line": 40, "column": 49 }
            },
            "40": {
                "start": { "line": 41, "column": 0 },
                "end": { "line": 41, "column": 53 }
            },
            "41": {
                "start": { "line": 42, "column": 0 },
                "end": { "line": 42, "column": 3 }
            },
            "43": {
                "start": { "line": 44, "column": 0 },
                "end": { "line": 44, "column": 42 }
            },
            "44": {
                "start": { "line": 45, "column": 0 },
                "end": { "line": 45, "column": 35 }
            },
            "45": {
                "start": { "line": 46, "column": 0 },
                "end": { "line": 46, "column": 3 }
            },
            "47": {
                "start": { "line": 48, "column": 0 },
                "end": { "line": 48, "column": 24 }
            },
            "48": {
                "start": { "line": 49, "column": 0 },
                "end": { "line": 49, "column": 20 }
            },
            "49": {
                "start": { "line": 50, "column": 0 },
                "end": { "line": 50, "column": 38 }
            },
            "50": {
                "start": { "line": 51, "column": 0 },
                "end": { "line": 51, "column": 61 }
            },
            "51": {
                "start": { "line": 52, "column": 0 },
                "end": { "line": 52, "column": 7 }
            },
            "52": {
                "start": { "line": 53, "column": 0 },
                "end": { "line": 53, "column": 6 }
            },
            "53": {
                "start": { "line": 54, "column": 0 },
                "end": { "line": 54, "column": 3 }
            },
            "55": {
                "start": { "line": 56, "column": 0 },
                "end": { "line": 56, "column": 40 }
            },
            "56": {
                "start": { "line": 57, "column": 0 },
                "end": { "line": 57, "column": 34 }
            },
            "57": {
                "start": { "line": 58, "column": 0 },
                "end": { "line": 58, "column": 59 }
            },
            "58": {
                "start": { "line": 59, "column": 0 },
                "end": { "line": 59, "column": 5 }
            },
            "59": {
                "start": { "line": 60, "column": 0 },
                "end": { "line": 60, "column": 43 }
            },
            "60": {
                "start": { "line": 61, "column": 0 },
                "end": { "line": 61, "column": 3 }
            },
            "62": {
                "start": { "line": 63, "column": 0 },
                "end": { "line": 63, "column": 26 }
            },
            "63": {
                "start": { "line": 64, "column": 0 },
                "end": { "line": 64, "column": 24 }
            },
            "64": {
                "start": { "line": 65, "column": 0 },
                "end": { "line": 65, "column": 24 }
            },
            "65": {
                "start": { "line": 66, "column": 0 },
                "end": { "line": 66, "column": 22 }
            },
            "66": {
                "start": { "line": 67, "column": 0 },
                "end": { "line": 67, "column": 13 }
            },
            "67": {
                "start": { "line": 68, "column": 0 },
                "end": { "line": 68, "column": 57 }
            },
            "68": {
                "start": { "line": 69, "column": 0 },
                "end": { "line": 69, "column": 53 }
            },
            "69": {
                "start": { "line": 70, "column": 0 },
                "end": { "line": 70, "column": 21 }
            },
            "70": {
                "start": { "line": 71, "column": 0 },
                "end": { "line": 71, "column": 21 }
            },
            "71": {
                "start": { "line": 72, "column": 0 },
                "end": { "line": 72, "column": 23 }
            },
            "72": {
                "start": { "line": 73, "column": 0 },
                "end": { "line": 73, "column": 6 }
            },
            "73": {
                "start": { "line": 74, "column": 0 },
                "end": { "line": 74, "column": 55 }
            },
            "74": {
                "start": { "line": 75, "column": 0 },
                "end": { "line": 75, "column": 20 }
            },
            "75": {
                "start": { "line": 76, "column": 0 },
                "end": { "line": 76, "column": 21 }
            },
            "76": {
                "start": { "line": 77, "column": 0 },
                "end": { "line": 77, "column": 24 }
            },
            "77": {
                "start": { "line": 78, "column": 0 },
                "end": { "line": 78, "column": 6 }
            },
            "79": {
                "start": { "line": 80, "column": 0 },
                "end": { "line": 80, "column": 54 }
            },
            "80": {
                "start": { "line": 81, "column": 0 },
                "end": { "line": 81, "column": 44 }
            },
            "81": {
                "start": { "line": 82, "column": 0 },
                "end": { "line": 82, "column": 5 }
            },
            "83": {
                "start": { "line": 84, "column": 0 },
                "end": { "line": 84, "column": 56 }
            },
            "84": {
                "start": { "line": 85, "column": 0 },
                "end": { "line": 85, "column": 44 }
            },
            "85": {
                "start": { "line": 86, "column": 0 },
                "end": { "line": 86, "column": 5 }
            },
            "87": {
                "start": { "line": 88, "column": 0 },
                "end": { "line": 88, "column": 23 }
            },
            "88": {
                "start": { "line": 89, "column": 0 },
                "end": { "line": 89, "column": 3 }
            },
            "89": {
                "start": { "line": 90, "column": 0 },
                "end": { "line": 90, "column": 1 }
            },
            "91": {
                "start": { "line": 92, "column": 0 },
                "end": { "line": 92, "column": 79 }
            },
            "92": {
                "start": { "line": 93, "column": 0 },
                "end": { "line": 93, "column": 57 }
            },
            "93": {
                "start": { "line": 94, "column": 0 },
                "end": { "line": 94, "column": 56 }
            },
            "94": {
                "start": { "line": 95, "column": 0 },
                "end": { "line": 95, "column": 58 }
            },
            "95": {
                "start": { "line": 96, "column": 0 },
                "end": { "line": 96, "column": 56 }
            },
            "96": {
                "start": { "line": 97, "column": 0 },
                "end": { "line": 97, "column": 58 }
            },
            "97": {
                "start": { "line": 98, "column": 0 },
                "end": { "line": 98, "column": 56 }
            },
            "98": {
                "start": { "line": 99, "column": 0 },
                "end": { "line": 99, "column": 57 }
            },
            "99": {
                "start": { "line": 100, "column": 0 },
                "end": { "line": 100, "column": 54 }
            },
            "100": {
                "start": { "line": 101, "column": 0 },
                "end": { "line": 101, "column": 57 }
            },
            "101": {
                "start": { "line": 102, "column": 0 },
                "end": { "line": 102, "column": 57 }
            },
            "102": {
                "start": { "line": 103, "column": 0 },
                "end": { "line": 103, "column": 58 }
            },
            "103": {
                "start": { "line": 104, "column": 0 },
                "end": { "line": 104, "column": 58 }
            },
            "104": {
                "start": { "line": 105, "column": 0 },
                "end": { "line": 105, "column": 57 }
            },
            "105": {
                "start": { "line": 106, "column": 0 },
                "end": { "line": 106, "column": 56 }
            },
            "106": {
                "start": { "line": 107, "column": 0 },
                "end": { "line": 107, "column": 57 }
            },
            "107": {
                "start": { "line": 108, "column": 0 },
                "end": { "line": 108, "column": 56 }
            },
            "108": {
                "start": { "line": 109, "column": 0 },
                "end": { "line": 109, "column": 55 }
            },
            "109": {
                "start": { "line": 110, "column": 0 },
                "end": { "line": 110, "column": 56 }
            },
            "110": {
                "start": { "line": 111, "column": 0 },
                "end": { "line": 111, "column": 56 }
            },
            "111": {
                "start": { "line": 112, "column": 0 },
                "end": { "line": 112, "column": 55 }
            },
            "112": {
                "start": { "line": 113, "column": 0 },
                "end": { "line": 113, "column": 55 }
            },
            "113": {
                "start": { "line": 114, "column": 0 },
                "end": { "line": 114, "column": 60 }
            },
            "114": {
                "start": { "line": 115, "column": 0 },
                "end": { "line": 115, "column": 56 }
            },
            "115": {
                "start": { "line": 116, "column": 0 },
                "end": { "line": 116, "column": 55 }
            },
            "116": {
                "start": { "line": 117, "column": 0 },
                "end": { "line": 117, "column": 55 }
            },
            "117": {
                "start": { "line": 118, "column": 0 },
                "end": { "line": 118, "column": 56 }
            },
            "118": {
                "start": { "line": 119, "column": 0 },
                "end": { "line": 119, "column": 58 }
            },
            "119": {
                "start": { "line": 120, "column": 0 },
                "end": { "line": 120, "column": 56 }
            },
            "120": {
                "start": { "line": 121, "column": 0 },
                "end": { "line": 121, "column": 55 }
            },
            "121": {
                "start": { "line": 122, "column": 0 },
                "end": { "line": 122, "column": 57 }
            },
            "122": {
                "start": { "line": 123, "column": 0 },
                "end": { "line": 123, "column": 54 }
            },
            "123": {
                "start": { "line": 124, "column": 0 },
                "end": { "line": 124, "column": 54 }
            },
            "124": {
                "start": { "line": 125, "column": 0 },
                "end": { "line": 125, "column": 52 }
            },
            "125": {
                "start": { "line": 126, "column": 0 },
                "end": { "line": 126, "column": 59 }
            },
            "126": {
                "start": { "line": 127, "column": 0 },
                "end": { "line": 127, "column": 59 }
            },
            "127": {
                "start": { "line": 128, "column": 0 },
                "end": { "line": 128, "column": 58 }
            },
            "128": {
                "start": { "line": 129, "column": 0 },
                "end": { "line": 129, "column": 55 }
            },
            "129": {
                "start": { "line": 130, "column": 0 },
                "end": { "line": 130, "column": 52 }
            },
            "130": {
                "start": { "line": 131, "column": 0 },
                "end": { "line": 131, "column": 54 }
            },
            "131": {
                "start": { "line": 132, "column": 0 },
                "end": { "line": 132, "column": 56 }
            },
            "132": {
                "start": { "line": 133, "column": 0 },
                "end": { "line": 133, "column": 59 }
            },
            "133": {
                "start": { "line": 134, "column": 0 },
                "end": { "line": 134, "column": 55 }
            },
            "134": {
                "start": { "line": 135, "column": 0 },
                "end": { "line": 135, "column": 55 }
            },
            "135": {
                "start": { "line": 136, "column": 0 },
                "end": { "line": 136, "column": 55 }
            },
            "136": {
                "start": { "line": 137, "column": 0 },
                "end": { "line": 137, "column": 57 }
            },
            "137": {
                "start": { "line": 138, "column": 0 },
                "end": { "line": 138, "column": 53 }
            },
            "138": {
                "start": { "line": 139, "column": 0 },
                "end": { "line": 139, "column": 53 }
            },
            "139": {
                "start": { "line": 140, "column": 0 },
                "end": { "line": 140, "column": 55 }
            },
            "140": {
                "start": { "line": 141, "column": 0 },
                "end": { "line": 141, "column": 55 }
            },
            "141": {
                "start": { "line": 142, "column": 0 },
                "end": { "line": 142, "column": 52 }
            },
            "142": {
                "start": { "line": 143, "column": 0 },
                "end": { "line": 143, "column": 54 }
            },
            "143": {
                "start": { "line": 144, "column": 0 },
                "end": { "line": 144, "column": 56 }
            },
            "144": {
                "start": { "line": 145, "column": 0 },
                "end": { "line": 145, "column": 54 }
            },
            "145": {
                "start": { "line": 146, "column": 0 },
                "end": { "line": 146, "column": 57 }
            },
            "146": {
                "start": { "line": 147, "column": 0 },
                "end": { "line": 147, "column": 57 }
            },
            "147": {
                "start": { "line": 148, "column": 0 },
                "end": { "line": 148, "column": 53 }
            },
            "148": {
                "start": { "line": 149, "column": 0 },
                "end": { "line": 149, "column": 56 }
            },
            "149": {
                "start": { "line": 150, "column": 0 },
                "end": { "line": 150, "column": 56 }
            },
            "150": {
                "start": { "line": 151, "column": 0 },
                "end": { "line": 151, "column": 53 }
            },
            "151": {
                "start": { "line": 152, "column": 0 },
                "end": { "line": 152, "column": 58 }
            },
            "152": {
                "start": { "line": 153, "column": 0 },
                "end": { "line": 153, "column": 51 }
            },
            "153": {
                "start": { "line": 154, "column": 0 },
                "end": { "line": 154, "column": 54 }
            },
            "154": {
                "start": { "line": 155, "column": 0 },
                "end": { "line": 155, "column": 53 }
            },
            "155": {
                "start": { "line": 156, "column": 0 },
                "end": { "line": 156, "column": 55 }
            },
            "156": {
                "start": { "line": 157, "column": 0 },
                "end": { "line": 157, "column": 53 }
            },
            "157": {
                "start": { "line": 158, "column": 0 },
                "end": { "line": 158, "column": 58 }
            },
            "158": {
                "start": { "line": 159, "column": 0 },
                "end": { "line": 159, "column": 57 }
            },
            "159": {
                "start": { "line": 160, "column": 0 },
                "end": { "line": 160, "column": 52 }
            },
            "160": {
                "start": { "line": 161, "column": 0 },
                "end": { "line": 161, "column": 53 }
            },
            "161": {
                "start": { "line": 162, "column": 0 },
                "end": { "line": 162, "column": 51 }
            },
            "162": {
                "start": { "line": 163, "column": 0 },
                "end": { "line": 163, "column": 53 }
            },
            "163": {
                "start": { "line": 164, "column": 0 },
                "end": { "line": 164, "column": 55 }
            },
            "164": {
                "start": { "line": 165, "column": 0 },
                "end": { "line": 165, "column": 52 }
            },
            "165": {
                "start": { "line": 166, "column": 0 },
                "end": { "line": 166, "column": 51 }
            },
            "166": {
                "start": { "line": 167, "column": 0 },
                "end": { "line": 167, "column": 56 }
            },
            "167": {
                "start": { "line": 168, "column": 0 },
                "end": { "line": 168, "column": 2 }
            },
            "169": {
                "start": { "line": 170, "column": 0 },
                "end": { "line": 170, "column": 53 }
            },
            "170": {
                "start": { "line": 171, "column": 0 },
                "end": { "line": 171, "column": 44 }
            },
            "171": {
                "start": { "line": 172, "column": 0 },
                "end": { "line": 172, "column": 42 }
            },
            "172": {
                "start": { "line": 173, "column": 0 },
                "end": { "line": 173, "column": 46 }
            },
            "173": {
                "start": { "line": 174, "column": 0 },
                "end": { "line": 174, "column": 42 }
            },
            "174": {
                "start": { "line": 175, "column": 0 },
                "end": { "line": 175, "column": 46 }
            },
            "175": {
                "start": { "line": 176, "column": 0 },
                "end": { "line": 176, "column": 42 }
            },
            "176": {
                "start": { "line": 177, "column": 0 },
                "end": { "line": 177, "column": 44 }
            },
            "177": {
                "start": { "line": 178, "column": 0 },
                "end": { "line": 178, "column": 38 }
            },
            "178": {
                "start": { "line": 179, "column": 0 },
                "end": { "line": 179, "column": 44 }
            },
            "179": {
                "start": { "line": 180, "column": 0 },
                "end": { "line": 180, "column": 44 }
            },
            "180": {
                "start": { "line": 181, "column": 0 },
                "end": { "line": 181, "column": 46 }
            },
            "181": {
                "start": { "line": 182, "column": 0 },
                "end": { "line": 182, "column": 46 }
            },
            "182": {
                "start": { "line": 183, "column": 0 },
                "end": { "line": 183, "column": 44 }
            },
            "183": {
                "start": { "line": 184, "column": 0 },
                "end": { "line": 184, "column": 42 }
            },
            "184": {
                "start": { "line": 185, "column": 0 },
                "end": { "line": 185, "column": 44 }
            },
            "185": {
                "start": { "line": 186, "column": 0 },
                "end": { "line": 186, "column": 42 }
            },
            "186": {
                "start": { "line": 187, "column": 0 },
                "end": { "line": 187, "column": 40 }
            },
            "187": {
                "start": { "line": 188, "column": 0 },
                "end": { "line": 188, "column": 42 }
            },
            "188": {
                "start": { "line": 189, "column": 0 },
                "end": { "line": 189, "column": 42 }
            },
            "189": {
                "start": { "line": 190, "column": 0 },
                "end": { "line": 190, "column": 40 }
            },
            "190": {
                "start": { "line": 191, "column": 0 },
                "end": { "line": 191, "column": 40 }
            },
            "191": {
                "start": { "line": 192, "column": 0 },
                "end": { "line": 192, "column": 50 }
            },
            "192": {
                "start": { "line": 193, "column": 0 },
                "end": { "line": 193, "column": 42 }
            },
            "193": {
                "start": { "line": 194, "column": 0 },
                "end": { "line": 194, "column": 40 }
            },
            "194": {
                "start": { "line": 195, "column": 0 },
                "end": { "line": 195, "column": 40 }
            },
            "195": {
                "start": { "line": 196, "column": 0 },
                "end": { "line": 196, "column": 44 }
            },
            "196": {
                "start": { "line": 197, "column": 0 },
                "end": { "line": 197, "column": 48 }
            },
            "197": {
                "start": { "line": 198, "column": 0 },
                "end": { "line": 198, "column": 44 }
            },
            "198": {
                "start": { "line": 199, "column": 0 },
                "end": { "line": 199, "column": 42 }
            },
            "199": {
                "start": { "line": 200, "column": 0 },
                "end": { "line": 200, "column": 46 }
            },
            "200": {
                "start": { "line": 201, "column": 0 },
                "end": { "line": 201, "column": 40 }
            },
            "201": {
                "start": { "line": 202, "column": 0 },
                "end": { "line": 202, "column": 40 }
            },
            "202": {
                "start": { "line": 203, "column": 0 },
                "end": { "line": 203, "column": 36 }
            },
            "203": {
                "start": { "line": 204, "column": 0 },
                "end": { "line": 204, "column": 50 }
            },
            "204": {
                "start": { "line": 205, "column": 0 },
                "end": { "line": 205, "column": 50 }
            },
            "205": {
                "start": { "line": 206, "column": 0 },
                "end": { "line": 206, "column": 48 }
            },
            "206": {
                "start": { "line": 207, "column": 0 },
                "end": { "line": 207, "column": 42 }
            },
            "207": {
                "start": { "line": 208, "column": 0 },
                "end": { "line": 208, "column": 36 }
            },
            "208": {
                "start": { "line": 209, "column": 0 },
                "end": { "line": 209, "column": 40 }
            },
            "209": {
                "start": { "line": 210, "column": 0 },
                "end": { "line": 210, "column": 44 }
            },
            "210": {
                "start": { "line": 211, "column": 0 },
                "end": { "line": 211, "column": 50 }
            },
            "211": {
                "start": { "line": 212, "column": 0 },
                "end": { "line": 212, "column": 42 }
            },
            "212": {
                "start": { "line": 213, "column": 0 },
                "end": { "line": 213, "column": 42 }
            },
            "213": {
                "start": { "line": 214, "column": 0 },
                "end": { "line": 214, "column": 42 }
            },
            "214": {
                "start": { "line": 215, "column": 0 },
                "end": { "line": 215, "column": 46 }
            },
            "215": {
                "start": { "line": 216, "column": 0 },
                "end": { "line": 216, "column": 38 }
            },
            "216": {
                "start": { "line": 217, "column": 0 },
                "end": { "line": 217, "column": 38 }
            },
            "217": {
                "start": { "line": 218, "column": 0 },
                "end": { "line": 218, "column": 42 }
            },
            "218": {
                "start": { "line": 219, "column": 0 },
                "end": { "line": 219, "column": 42 }
            },
            "219": {
                "start": { "line": 220, "column": 0 },
                "end": { "line": 220, "column": 36 }
            },
            "220": {
                "start": { "line": 221, "column": 0 },
                "end": { "line": 221, "column": 42 }
            },
            "221": {
                "start": { "line": 222, "column": 0 },
                "end": { "line": 222, "column": 46 }
            },
            "222": {
                "start": { "line": 223, "column": 0 },
                "end": { "line": 223, "column": 42 }
            },
            "223": {
                "start": { "line": 224, "column": 0 },
                "end": { "line": 224, "column": 48 }
            },
            "224": {
                "start": { "line": 225, "column": 0 },
                "end": { "line": 225, "column": 48 }
            },
            "225": {
                "start": { "line": 226, "column": 0 },
                "end": { "line": 226, "column": 40 }
            },
            "226": {
                "start": { "line": 227, "column": 0 },
                "end": { "line": 227, "column": 46 }
            },
            "227": {
                "start": { "line": 228, "column": 0 },
                "end": { "line": 228, "column": 46 }
            },
            "228": {
                "start": { "line": 229, "column": 0 },
                "end": { "line": 229, "column": 40 }
            },
            "229": {
                "start": { "line": 230, "column": 0 },
                "end": { "line": 230, "column": 50 }
            },
            "230": {
                "start": { "line": 231, "column": 0 },
                "end": { "line": 231, "column": 36 }
            },
            "231": {
                "start": { "line": 232, "column": 0 },
                "end": { "line": 232, "column": 42 }
            },
            "232": {
                "start": { "line": 233, "column": 0 },
                "end": { "line": 233, "column": 40 }
            },
            "233": {
                "start": { "line": 234, "column": 0 },
                "end": { "line": 234, "column": 44 }
            },
            "234": {
                "start": { "line": 235, "column": 0 },
                "end": { "line": 235, "column": 40 }
            },
            "235": {
                "start": { "line": 236, "column": 0 },
                "end": { "line": 236, "column": 50 }
            },
            "236": {
                "start": { "line": 237, "column": 0 },
                "end": { "line": 237, "column": 48 }
            },
            "237": {
                "start": { "line": 238, "column": 0 },
                "end": { "line": 238, "column": 38 }
            },
            "238": {
                "start": { "line": 239, "column": 0 },
                "end": { "line": 239, "column": 40 }
            },
            "239": {
                "start": { "line": 240, "column": 0 },
                "end": { "line": 240, "column": 36 }
            },
            "240": {
                "start": { "line": 241, "column": 0 },
                "end": { "line": 241, "column": 40 }
            },
            "241": {
                "start": { "line": 242, "column": 0 },
                "end": { "line": 242, "column": 44 }
            },
            "242": {
                "start": { "line": 243, "column": 0 },
                "end": { "line": 243, "column": 38 }
            },
            "243": {
                "start": { "line": 244, "column": 0 },
                "end": { "line": 244, "column": 36 }
            },
            "244": {
                "start": { "line": 245, "column": 0 },
                "end": { "line": 245, "column": 46 }
            },
            "245": {
                "start": { "line": 246, "column": 0 },
                "end": { "line": 246, "column": 2 }
            }
        },
        "s": {
            "0": 1,
            "1": 1,
            "3": 1,
            "4": 24,
            "5": 24,
            "6": 24,
            "7": 24,
            "8": 24,
            "10": 24,
            "11": 3,
            "12": 3,
            "13": 3,
            "14": 3,
            "17": 24,
            "19": 24,
            "20": 24,
            "21": 24,
            "23": 24,
            "24": 2,
            "25": 2,
            "27": 24,
            "28": 3,
            "29": 3,
            "31": 24,
            "32": 1,
            "33": 1,
            "35": 24,
            "36": 3,
            "37": 3,
            "39": 24,
            "40": 3,
            "41": 3,
            "43": 24,
            "44": 1,
            "45": 1,
            "47": 24,
            "48": 1,
            "49": 1,
            "50": 1,
            "51": 1,
            "52": 1,
            "53": 1,
            "55": 24,
            "56": 1,
            "57": 0,
            "58": 0,
            "59": 1,
            "60": 1,
            "62": 24,
            "63": 3,
            "64": 3,
            "65": 3,
            "66": 3,
            "67": 3,
            "68": 3,
            "69": 3,
            "70": 3,
            "71": 3,
            "72": 3,
            "73": 3,
            "74": 3,
            "75": 3,
            "76": 3,
            "77": 3,
            "79": 3,
            "80": 1,
            "81": 1,
            "83": 3,
            "84": 1,
            "85": 1,
            "87": 1,
            "88": 3,
            "89": 24,
            "91": 1,
            "92": 1,
            "93": 1,
            "94": 1,
            "95": 1,
            "96": 1,
            "97": 1,
            "98": 1,
            "99": 1,
            "100": 1,
            "101": 1,
            "102": 1,
            "103": 1,
            "104": 1,
            "105": 1,
            "106": 1,
            "107": 1,
            "108": 1,
            "109": 1,
            "110": 1,
            "111": 1,
            "112": 1,
            "113": 1,
            "114": 1,
            "115": 1,
            "116": 1,
            "117": 1,
            "118": 1,
            "119": 1,
            "120": 1,
            "121": 1,
            "122": 1,
            "123": 1,
            "124": 1,
            "125": 1,
            "126": 1,
            "127": 1,
            "128": 1,
            "129": 1,
            "130": 1,
            "131": 1,
            "132": 1,
            "133": 1,
            "134": 1,
            "135": 1,
            "136": 1,
            "137": 1,
            "138": 1,
            "139": 1,
            "140": 1,
            "141": 1,
            "142": 1,
            "143": 1,
            "144": 1,
            "145": 1,
            "146": 1,
            "147": 1,
            "148": 1,
            "149": 1,
            "150": 1,
            "151": 1,
            "152": 1,
            "153": 1,
            "154": 1,
            "155": 1,
            "156": 1,
            "157": 1,
            "158": 1,
            "159": 1,
            "160": 1,
            "161": 1,
            "162": 1,
            "163": 1,
            "164": 1,
            "165": 1,
            "166": 1,
            "167": 1,
            "169": 1,
            "170": 1,
            "171": 1,
            "172": 1,
            "173": 1,
            "174": 1,
            "175": 1,
            "176": 1,
            "177": 1,
            "178": 1,
            "179": 1,
            "180": 1,
            "181": 1,
            "182": 1,
            "183": 1,
            "184": 1,
            "185": 1,
            "186": 1,
            "187": 1,
            "188": 1,
            "189": 1,
            "190": 1,
            "191": 1,
            "192": 1,
            "193": 1,
            "194": 1,
            "195": 1,
            "196": 1,
            "197": 1,
            "198": 1,
            "199": 1,
            "200": 1,
            "201": 1,
            "202": 1,
            "203": 1,
            "204": 1,
            "205": 1,
            "206": 1,
            "207": 1,
            "208": 1,
            "209": 1,
            "210": 1,
            "211": 1,
            "212": 1,
            "213": 1,
            "214": 1,
            "215": 1,
            "216": 1,
            "217": 1,
            "218": 1,
            "219": 1,
            "220": 1,
            "221": 1,
            "222": 1,
            "223": 1,
            "224": 1,
            "225": 1,
            "226": 1,
            "227": 1,
            "228": 1,
            "229": 1,
            "230": 1,
            "231": 1,
            "232": 1,
            "233": 1,
            "234": 1,
            "235": 1,
            "236": 1,
            "237": 1,
            "238": 1,
            "239": 1,
            "240": 1,
            "241": 1,
            "242": 1,
            "243": 1,
            "244": 1,
            "245": 1
        },
        "branchMap": {
            "0": {
                "type": "branch",
                "line": 4,
                "loc": {
                    "start": { "line": 4, "column": 7 },
                    "end": { "line": 90, "column": 1 }
                },
                "locations": [
                    {
                        "start": { "line": 4, "column": 7 },
                        "end": { "line": 90, "column": 1 }
                    }
                ]
            },
            "1": {
                "type": "branch",
                "line": 11,
                "loc": {
                    "start": { "line": 11, "column": 2 },
                    "end": { "line": 15, "column": 4 }
                },
                "locations": [
                    {
                        "start": { "line": 11, "column": 2 },
                        "end": { "line": 15, "column": 4 }
                    }
                ]
            },
            "2": {
                "type": "branch",
                "line": 20,
                "loc": {
                    "start": { "line": 20, "column": 2 },
                    "end": { "line": 22, "column": 3 }
                },
                "locations": [
                    {
                        "start": { "line": 20, "column": 2 },
                        "end": { "line": 22, "column": 3 }
                    }
                ]
            },
            "3": {
                "type": "branch",
                "line": 24,
                "loc": {
                    "start": { "line": 24, "column": 2 },
                    "end": { "line": 26, "column": 3 }
                },
                "locations": [
                    {
                        "start": { "line": 24, "column": 2 },
                        "end": { "line": 26, "column": 3 }
                    }
                ]
            },
            "4": {
                "type": "branch",
                "line": 28,
                "loc": {
                    "start": { "line": 28, "column": 2 },
                    "end": { "line": 30, "column": 3 }
                },
                "locations": [
                    {
                        "start": { "line": 28, "column": 2 },
                        "end": { "line": 30, "column": 3 }
                    }
                ]
            },
            "5": {
                "type": "branch",
                "line": 32,
                "loc": {
                    "start": { "line": 32, "column": 2 },
                    "end": { "line": 34, "column": 3 }
                },
                "locations": [
                    {
                        "start": { "line": 32, "column": 2 },
                        "end": { "line": 34, "column": 3 }
                    }
                ]
            },
            "6": {
                "type": "branch",
                "line": 36,
                "loc": {
                    "start": { "line": 36, "column": 2 },
                    "end": { "line": 38, "column": 3 }
                },
                "locations": [
                    {
                        "start": { "line": 36, "column": 2 },
                        "end": { "line": 38, "column": 3 }
                    }
                ]
            },
            "7": {
                "type": "branch",
                "line": 40,
                "loc": {
                    "start": { "line": 40, "column": 2 },
                    "end": { "line": 42, "column": 3 }
                },
                "locations": [
                    {
                        "start": { "line": 40, "column": 2 },
                        "end": { "line": 42, "column": 3 }
                    }
                ]
            },
            "8": {
                "type": "branch",
                "line": 44,
                "loc": {
                    "start": { "line": 44, "column": 2 },
                    "end": { "line": 46, "column": 3 }
                },
                "locations": [
                    {
                        "start": { "line": 44, "column": 2 },
                        "end": { "line": 46, "column": 3 }
                    }
                ]
            },
            "9": {
                "type": "branch",
                "line": 48,
                "loc": {
                    "start": { "line": 48, "column": 2 },
                    "end": { "line": 54, "column": 3 }
                },
                "locations": [
                    {
                        "start": { "line": 48, "column": 2 },
                        "end": { "line": 54, "column": 3 }
                    }
                ]
            },
            "10": {
                "type": "branch",
                "line": 51,
                "loc": {
                    "start": { "line": 51, "column": 8 },
                    "end": { "line": 51, "column": 61 }
                },
                "locations": [
                    {
                        "start": { "line": 51, "column": 8 },
                        "end": { "line": 51, "column": 61 }
                    }
                ]
            },
            "11": {
                "type": "branch",
                "line": 56,
                "loc": {
                    "start": { "line": 56, "column": 2 },
                    "end": { "line": 61, "column": 3 }
                },
                "locations": [
                    {
                        "start": { "line": 56, "column": 2 },
                        "end": { "line": 61, "column": 3 }
                    }
                ]
            },
            "12": {
                "type": "branch",
                "line": 57,
                "loc": {
                    "start": { "line": 57, "column": 33 },
                    "end": { "line": 59, "column": 5 }
                },
                "locations": [
                    {
                        "start": { "line": 57, "column": 33 },
                        "end": { "line": 59, "column": 5 }
                    }
                ]
            },
            "13": {
                "type": "branch",
                "line": 63,
                "loc": {
                    "start": { "line": 63, "column": 2 },
                    "end": { "line": 89, "column": 3 }
                },
                "locations": [
                    {
                        "start": { "line": 63, "column": 2 },
                        "end": { "line": 89, "column": 3 }
                    }
                ]
            },
            "14": {
                "type": "branch",
                "line": 80,
                "loc": {
                    "start": { "line": 80, "column": 53 },
                    "end": { "line": 82, "column": 5 }
                },
                "locations": [
                    {
                        "start": { "line": 80, "column": 53 },
                        "end": { "line": 82, "column": 5 }
                    }
                ]
            },
            "15": {
                "type": "branch",
                "line": 82,
                "loc": {
                    "start": { "line": 82, "column": 4 },
                    "end": { "line": 84, "column": 55 }
                },
                "locations": [
                    {
                        "start": { "line": 82, "column": 4 },
                        "end": { "line": 84, "column": 55 }
                    }
                ]
            },
            "16": {
                "type": "branch",
                "line": 84,
                "loc": {
                    "start": { "line": 84, "column": 55 },
                    "end": { "line": 88, "column": 23 }
                },
                "locations": [
                    {
                        "start": { "line": 84, "column": 55 },
                        "end": { "line": 88, "column": 23 }
                    }
                ]
            }
        },
        "b": {
            "0": [24],
            "1": [3],
            "2": [24],
            "3": [2],
            "4": [3],
            "5": [1],
            "6": [3],
            "7": [3],
            "8": [1],
            "9": [1],
            "10": [150],
            "11": [1],
            "12": [0],
            "13": [3],
            "14": [1],
            "15": [2],
            "16": [1]
        },
        "fnMap": {
            "0": {
                "name": "<instance_members_initializer>",
                "decl": {
                    "start": { "line": 4, "column": 7 },
                    "end": { "line": 90, "column": 1 }
                },
                "loc": {
                    "start": { "line": 4, "column": 7 },
                    "end": { "line": 90, "column": 1 }
                },
                "line": 4
            },
            "1": {
                "name": "<static_initializer>",
                "decl": {
                    "start": { "line": 11, "column": 2 },
                    "end": { "line": 15, "column": 4 }
                },
                "loc": {
                    "start": { "line": 11, "column": 2 },
                    "end": { "line": 15, "column": 4 }
                },
                "line": 11
            },
            "2": {
                "name": "BeastManager",
                "decl": {
                    "start": { "line": 20, "column": 2 },
                    "end": { "line": 22, "column": 3 }
                },
                "loc": {
                    "start": { "line": 20, "column": 2 },
                    "end": { "line": 22, "column": 3 }
                },
                "line": 20
            },
            "3": {
                "name": "getBeastName",
                "decl": {
                    "start": { "line": 24, "column": 2 },
                    "end": { "line": 26, "column": 3 }
                },
                "loc": {
                    "start": { "line": 24, "column": 2 },
                    "end": { "line": 26, "column": 3 }
                },
                "line": 24
            },
            "4": {
                "name": "getBeastNumber",
                "decl": {
                    "start": { "line": 28, "column": 2 },
                    "end": { "line": 30, "column": 3 }
                },
                "loc": {
                    "start": { "line": 28, "column": 2 },
                    "end": { "line": 30, "column": 3 }
                },
                "line": 28
            },
            "5": {
                "name": "getBeastTier",
                "decl": {
                    "start": { "line": 32, "column": 2 },
                    "end": { "line": 34, "column": 3 }
                },
                "loc": {
                    "start": { "line": 32, "column": 2 },
                    "end": { "line": 34, "column": 3 }
                },
                "line": 32
            },
            "6": {
                "name": "getAttackType",
                "decl": {
                    "start": { "line": 36, "column": 2 },
                    "end": { "line": 38, "column": 3 }
                },
                "loc": {
                    "start": { "line": 36, "column": 2 },
                    "end": { "line": 38, "column": 3 }
                },
                "line": 36
            },
            "7": {
                "name": "getArmorType",
                "decl": {
                    "start": { "line": 40, "column": 2 },
                    "end": { "line": 42, "column": 3 }
                },
                "loc": {
                    "start": { "line": 40, "column": 2 },
                    "end": { "line": 42, "column": 3 }
                },
                "line": 40
            },
            "8": {
                "name": "getBeastType",
                "decl": {
                    "start": { "line": 44, "column": 2 },
                    "end": { "line": 46, "column": 3 }
                },
                "loc": {
                    "start": { "line": 44, "column": 2 },
                    "end": { "line": 46, "column": 3 }
                },
                "line": 44
            },
            "9": {
                "name": "maxBeastId",
                "decl": {
                    "start": { "line": 48, "column": 2 },
                    "end": { "line": 54, "column": 3 }
                },
                "loc": {
                    "start": { "line": 48, "column": 2 },
                    "end": { "line": 54, "column": 3 }
                },
                "line": 48
            },
            "10": {
                "name": "getBeastImage",
                "decl": {
                    "start": { "line": 56, "column": 2 },
                    "end": { "line": 61, "column": 3 }
                },
                "loc": {
                    "start": { "line": 56, "column": 2 },
                    "end": { "line": 61, "column": 3 }
                },
                "line": 56
            },
            "11": {
                "name": "elementalAdjustedDamage",
                "decl": {
                    "start": { "line": 63, "column": 2 },
                    "end": { "line": 89, "column": 3 }
                },
                "loc": {
                    "start": { "line": 63, "column": 2 },
                    "end": { "line": 89, "column": 3 }
                },
                "line": 63
            }
        },
        "f": {
            "0": 24,
            "1": 3,
            "2": 24,
            "3": 2,
            "4": 3,
            "5": 1,
            "6": 3,
            "7": 3,
            "8": 1,
            "9": 1,
            "10": 1,
            "11": 3
        }
    },
    "/Users/os/Documents/code/biblio/lssdk/packages/core/src/objects/index.ts": {
        "path": "/Users/os/Documents/code/biblio/lssdk/packages/core/src/objects/index.ts",
        "all": true,
        "statementMap": {
            "0": {
                "start": { "line": 1, "column": 0 },
                "end": { "line": 1, "column": 25 }
            },
            "1": {
                "start": { "line": 2, "column": 0 },
                "end": { "line": 2, "column": 23 }
            },
            "2": {
                "start": { "line": 3, "column": 0 },
                "end": { "line": 3, "column": 29 }
            },
            "3": {
                "start": { "line": 4, "column": 0 },
                "end": { "line": 4, "column": 27 }
            },
            "4": {
                "start": { "line": 5, "column": 0 },
                "end": { "line": 5, "column": 28 }
            }
        },
        "s": { "0": 0, "1": 0, "2": 0, "3": 0, "4": 0 },
        "branchMap": {
            "0": {
                "type": "branch",
                "line": 1,
                "loc": {
                    "start": { "line": 1, "column": 136 },
                    "end": { "line": 5, "column": 28 }
                },
                "locations": [
                    {
                        "start": { "line": 1, "column": 136 },
                        "end": { "line": 5, "column": 28 }
                    }
                ]
            }
        },
        "b": { "0": [0] },
        "fnMap": {
            "0": {
                "name": "(empty-report)",
                "decl": {
                    "start": { "line": 1, "column": 136 },
                    "end": { "line": 5, "column": 28 }
                },
                "loc": {
                    "start": { "line": 1, "column": 136 },
                    "end": { "line": 5, "column": 28 }
                },
                "line": 1
            }
        },
        "f": { "0": 0 }
    },
    "/Users/os/Documents/code/biblio/lssdk/packages/core/src/objects/loot.ts": {
        "path": "/Users/os/Documents/code/biblio/lssdk/packages/core/src/objects/loot.ts",
        "all": false,
        "statementMap": {
            "0": {
                "start": { "line": 1, "column": 0 },
                "end": { "line": 1, "column": 8 }
            },
            "12": {
                "start": { "line": 13, "column": 0 },
                "end": { "line": 13, "column": 17 }
            },
            "14": {
                "start": { "line": 15, "column": 0 },
                "end": { "line": 15, "column": 26 }
            },
            "15": {
                "start": { "line": 16, "column": 0 },
                "end": { "line": 16, "column": 60 }
            },
            "16": {
                "start": { "line": 17, "column": 0 },
                "end": { "line": 17, "column": 33 }
            },
            "18": {
                "start": { "line": 19, "column": 0 },
                "end": { "line": 19, "column": 46 }
            },
            "19": {
                "start": { "line": 20, "column": 0 },
                "end": { "line": 20, "column": 48 }
            },
            "21": {
                "start": { "line": 22, "column": 0 },
                "end": { "line": 22, "column": 21 }
            },
            "22": {
                "start": { "line": 23, "column": 0 },
                "end": { "line": 23, "column": 21 }
            },
            "23": {
                "start": { "line": 24, "column": 0 },
                "end": { "line": 24, "column": 23 }
            },
            "25": {
                "start": { "line": 26, "column": 0 },
                "end": { "line": 26, "column": 53 }
            },
            "26": {
                "start": { "line": 27, "column": 0 },
                "end": { "line": 27, "column": 21 }
            },
            "27": {
                "start": { "line": 28, "column": 0 },
                "end": { "line": 28, "column": 17 }
            },
            "28": {
                "start": { "line": 29, "column": 0 },
                "end": { "line": 29, "column": 21 }
            },
            "29": {
                "start": { "line": 30, "column": 0 },
                "end": { "line": 30, "column": 3 }
            },
            "31": {
                "start": { "line": 32, "column": 0 },
                "end": { "line": 32, "column": 29 }
            },
            "32": {
                "start": { "line": 33, "column": 0 },
                "end": { "line": 33, "column": 40 }
            },
            "33": {
                "start": { "line": 34, "column": 0 },
                "end": { "line": 34, "column": 38 }
            },
            "34": {
                "start": { "line": 35, "column": 0 },
                "end": { "line": 35, "column": 16 }
            },
            "35": {
                "start": { "line": 36, "column": 0 },
                "end": { "line": 36, "column": 39 }
            },
            "36": {
                "start": { "line": 37, "column": 0 },
                "end": { "line": 37, "column": 15 }
            },
            "37": {
                "start": { "line": 38, "column": 0 },
                "end": { "line": 38, "column": 6 }
            },
            "39": {
                "start": { "line": 40, "column": 0 },
                "end": { "line": 40, "column": 24 }
            },
            "41": {
                "start": { "line": 42, "column": 0 },
                "end": { "line": 42, "column": 34 }
            },
            "42": {
                "start": { "line": 43, "column": 0 },
                "end": { "line": 43, "column": 63 }
            },
            "43": {
                "start": { "line": 44, "column": 0 },
                "end": { "line": 44, "column": 75 }
            },
            "44": {
                "start": { "line": 45, "column": 0 },
                "end": { "line": 45, "column": 44 }
            },
            "45": {
                "start": { "line": 46, "column": 0 },
                "end": { "line": 46, "column": 5 }
            },
            "47": {
                "start": { "line": 48, "column": 0 },
                "end": { "line": 48, "column": 34 }
            },
            "48": {
                "start": { "line": 49, "column": 0 },
                "end": { "line": 49, "column": 64 }
            },
            "49": {
                "start": { "line": 50, "column": 0 },
                "end": { "line": 50, "column": 34 }
            },
            "50": {
                "start": { "line": 51, "column": 0 },
                "end": { "line": 51, "column": 5 }
            },
            "52": {
                "start": { "line": 53, "column": 0 },
                "end": { "line": 53, "column": 34 }
            },
            "53": {
                "start": { "line": 54, "column": 0 },
                "end": { "line": 54, "column": 64 }
            },
            "54": {
                "start": { "line": 55, "column": 0 },
                "end": { "line": 55, "column": 34 }
            },
            "55": {
                "start": { "line": 56, "column": 0 },
                "end": { "line": 56, "column": 5 }
            },
            "57": {
                "start": { "line": 58, "column": 0 },
                "end": { "line": 58, "column": 23 }
            },
            "58": {
                "start": { "line": 59, "column": 0 },
                "end": { "line": 59, "column": 3 }
            },
            "60": {
                "start": { "line": 61, "column": 0 },
                "end": { "line": 61, "column": 22 }
            },
            "61": {
                "start": { "line": 62, "column": 0 },
                "end": { "line": 62, "column": 15 }
            },
            "62": {
                "start": { "line": 63, "column": 0 },
                "end": { "line": 63, "column": 22 }
            },
            "63": {
                "start": { "line": 64, "column": 0 },
                "end": { "line": 64, "column": 16 }
            },
            "64": {
                "start": { "line": 65, "column": 0 },
                "end": { "line": 65, "column": 63 }
            },
            "65": {
                "start": { "line": 66, "column": 0 },
                "end": { "line": 66, "column": 58 }
            },
            "66": {
                "start": { "line": 67, "column": 0 },
                "end": { "line": 67, "column": 55 }
            },
            "67": {
                "start": { "line": 68, "column": 0 },
                "end": { "line": 68, "column": 67 }
            },
            "68": {
                "start": { "line": 69, "column": 0 },
                "end": { "line": 69, "column": 14 }
            },
            "69": {
                "start": { "line": 70, "column": 0 },
                "end": { "line": 70, "column": 49 }
            },
            "70": {
                "start": { "line": 71, "column": 0 },
                "end": { "line": 71, "column": 20 }
            },
            "71": {
                "start": { "line": 72, "column": 0 },
                "end": { "line": 72, "column": 20 }
            },
            "72": {
                "start": { "line": 73, "column": 0 },
                "end": { "line": 73, "column": 8 }
            },
            "73": {
                "start": { "line": 74, "column": 0 },
                "end": { "line": 74, "column": 12 }
            },
            "74": {
                "start": { "line": 75, "column": 0 },
                "end": { "line": 75, "column": 14 }
            },
            "75": {
                "start": { "line": 76, "column": 0 },
                "end": { "line": 76, "column": 49 }
            },
            "76": {
                "start": { "line": 77, "column": 0 },
                "end": { "line": 77, "column": 46 }
            },
            "77": {
                "start": { "line": 78, "column": 0 },
                "end": { "line": 78, "column": 46 }
            },
            "78": {
                "start": { "line": 79, "column": 0 },
                "end": { "line": 79, "column": 8 }
            },
            "79": {
                "start": { "line": 80, "column": 0 },
                "end": { "line": 80, "column": 5 }
            },
            "80": {
                "start": { "line": 81, "column": 0 },
                "end": { "line": 81, "column": 3 }
            },
            "82": {
                "start": { "line": 83, "column": 0 },
                "end": { "line": 83, "column": 25 }
            },
            "83": {
                "start": { "line": 84, "column": 0 },
                "end": { "line": 84, "column": 27 }
            },
            "84": {
                "start": { "line": 85, "column": 0 },
                "end": { "line": 85, "column": 3 }
            },
            "86": {
                "start": { "line": 87, "column": 0 },
                "end": { "line": 87, "column": 53 }
            },
            "87": {
                "start": { "line": 88, "column": 0 },
                "end": { "line": 88, "column": 47 }
            },
            "88": {
                "start": { "line": 89, "column": 0 },
                "end": { "line": 89, "column": 3 }
            },
            "90": {
                "start": { "line": 91, "column": 0 },
                "end": { "line": 91, "column": 27 }
            },
            "91": {
                "start": { "line": 92, "column": 0 },
                "end": { "line": 92, "column": 33 }
            },
            "92": {
                "start": { "line": 93, "column": 0 },
                "end": { "line": 93, "column": 3 }
            },
            "94": {
                "start": { "line": 95, "column": 0 },
                "end": { "line": 95, "column": 27 }
            },
            "95": {
                "start": { "line": 96, "column": 0 },
                "end": { "line": 96, "column": 33 }
            },
            "96": {
                "start": { "line": 97, "column": 0 },
                "end": { "line": 97, "column": 3 }
            },
            "98": {
                "start": { "line": 99, "column": 0 },
                "end": { "line": 99, "column": 53 }
            },
            "99": {
                "start": { "line": 100, "column": 0 },
                "end": { "line": 100, "column": 34 }
            },
            "100": {
                "start": { "line": 101, "column": 0 },
                "end": { "line": 101, "column": 3 }
            },
            "102": {
                "start": { "line": 103, "column": 0 },
                "end": { "line": 103, "column": 75 }
            },
            "103": {
                "start": { "line": 104, "column": 0 },
                "end": { "line": 104, "column": 69 }
            },
            "104": {
                "start": { "line": 105, "column": 0 },
                "end": { "line": 105, "column": 3 }
            },
            "106": {
                "start": { "line": 107, "column": 0 },
                "end": { "line": 107, "column": 53 }
            },
            "107": {
                "start": { "line": 108, "column": 0 },
                "end": { "line": 108, "column": 34 }
            },
            "108": {
                "start": { "line": 109, "column": 0 },
                "end": { "line": 109, "column": 3 }
            },
            "110": {
                "start": { "line": 111, "column": 0 },
                "end": { "line": 111, "column": 75 }
            },
            "111": {
                "start": { "line": 112, "column": 0 },
                "end": { "line": 112, "column": 69 }
            },
            "112": {
                "start": { "line": 113, "column": 0 },
                "end": { "line": 113, "column": 3 }
            },
            "114": {
                "start": { "line": 115, "column": 0 },
                "end": { "line": 115, "column": 59 }
            },
            "115": {
                "start": { "line": 116, "column": 0 },
                "end": { "line": 116, "column": 61 }
            },
            "116": {
                "start": { "line": 117, "column": 0 },
                "end": { "line": 117, "column": 31 }
            },
            "117": {
                "start": { "line": 118, "column": 0 },
                "end": { "line": 118, "column": 75 }
            },
            "118": {
                "start": { "line": 119, "column": 0 },
                "end": { "line": 119, "column": 6 }
            },
            "119": {
                "start": { "line": 120, "column": 0 },
                "end": { "line": 120, "column": 37 }
            },
            "120": {
                "start": { "line": 121, "column": 0 },
                "end": { "line": 121, "column": 3 }
            },
            "122": {
                "start": { "line": 123, "column": 0 },
                "end": { "line": 123, "column": 68 }
            },
            "123": {
                "start": { "line": 124, "column": 0 },
                "end": { "line": 124, "column": 54 }
            },
            "125": {
                "start": { "line": 126, "column": 0 },
                "end": { "line": 126, "column": 28 }
            },
            "126": {
                "start": { "line": 127, "column": 0 },
                "end": { "line": 127, "column": 45 }
            },
            "127": {
                "start": { "line": 128, "column": 0 },
                "end": { "line": 128, "column": 39 }
            },
            "128": {
                "start": { "line": 129, "column": 0 },
                "end": { "line": 129, "column": 24 }
            },
            "129": {
                "start": { "line": 130, "column": 0 },
                "end": { "line": 130, "column": 12 }
            },
            "130": {
                "start": { "line": 131, "column": 0 },
                "end": { "line": 131, "column": 49 }
            },
            "131": {
                "start": { "line": 132, "column": 0 },
                "end": { "line": 132, "column": 5 }
            },
            "133": {
                "start": { "line": 134, "column": 0 },
                "end": { "line": 134, "column": 60 }
            },
            "134": {
                "start": { "line": 135, "column": 0 },
                "end": { "line": 135, "column": 12 }
            },
            "135": {
                "start": { "line": 136, "column": 0 },
                "end": { "line": 136, "column": 77 }
            },
            "137": {
                "start": { "line": 138, "column": 0 },
                "end": { "line": 138, "column": 3 }
            },
            "139": {
                "start": { "line": 140, "column": 0 },
                "end": { "line": 140, "column": 49 }
            },
            "140": {
                "start": { "line": 141, "column": 0 },
                "end": { "line": 141, "column": 64 }
            },
            "141": {
                "start": { "line": 142, "column": 0 },
                "end": { "line": 142, "column": 3 }
            },
            "143": {
                "start": { "line": 144, "column": 0 },
                "end": { "line": 144, "column": 45 }
            },
            "144": {
                "start": { "line": 145, "column": 0 },
                "end": { "line": 145, "column": 38 }
            },
            "145": {
                "start": { "line": 146, "column": 0 },
                "end": { "line": 146, "column": 3 }
            },
            "147": {
                "start": { "line": 148, "column": 0 },
                "end": { "line": 148, "column": 49 }
            },
            "148": {
                "start": { "line": 149, "column": 0 },
                "end": { "line": 149, "column": 70 }
            },
            "149": {
                "start": { "line": 150, "column": 0 },
                "end": { "line": 150, "column": 3 }
            },
            "151": {
                "start": { "line": 152, "column": 0 },
                "end": { "line": 152, "column": 67 }
            },
            "152": {
                "start": { "line": 153, "column": 0 },
                "end": { "line": 153, "column": 57 }
            },
            "153": {
                "start": { "line": 154, "column": 0 },
                "end": { "line": 154, "column": 64 }
            },
            "154": {
                "start": { "line": 155, "column": 0 },
                "end": { "line": 155, "column": 3 }
            },
            "156": {
                "start": { "line": 157, "column": 0 },
                "end": { "line": 157, "column": 34 }
            },
            "157": {
                "start": { "line": 158, "column": 0 },
                "end": { "line": 158, "column": 50 }
            },
            "158": {
                "start": { "line": 159, "column": 0 },
                "end": { "line": 159, "column": 3 }
            },
            "160": {
                "start": { "line": 161, "column": 0 },
                "end": { "line": 161, "column": 53 }
            },
            "161": {
                "start": { "line": 162, "column": 0 },
                "end": { "line": 162, "column": 37 }
            },
            "162": {
                "start": { "line": 163, "column": 0 },
                "end": { "line": 163, "column": 3 }
            },
            "164": {
                "start": { "line": 165, "column": 0 },
                "end": { "line": 165, "column": 56 }
            },
            "165": {
                "start": { "line": 166, "column": 0 },
                "end": { "line": 166, "column": 44 }
            },
            "166": {
                "start": { "line": 167, "column": 0 },
                "end": { "line": 167, "column": 32 }
            },
            "167": {
                "start": { "line": 168, "column": 0 },
                "end": { "line": 168, "column": 11 }
            },
            "168": {
                "start": { "line": 169, "column": 0 },
                "end": { "line": 169, "column": 79 }
            },
            "169": {
                "start": { "line": 170, "column": 0 },
                "end": { "line": 170, "column": 7 }
            },
            "170": {
                "start": { "line": 171, "column": 0 },
                "end": { "line": 171, "column": 17 }
            },
            "171": {
                "start": { "line": 172, "column": 0 },
                "end": { "line": 172, "column": 3 }
            },
            "173": {
                "start": { "line": 174, "column": 0 },
                "end": { "line": 174, "column": 45 }
            },
            "174": {
                "start": { "line": 175, "column": 0 },
                "end": { "line": 175, "column": 37 }
            },
            "175": {
                "start": { "line": 176, "column": 0 },
                "end": { "line": 176, "column": 3 }
            },
            "177": {
                "start": { "line": 178, "column": 0 },
                "end": { "line": 178, "column": 63 }
            },
            "178": {
                "start": { "line": 179, "column": 0 },
                "end": { "line": 179, "column": 39 }
            },
            "179": {
                "start": { "line": 180, "column": 0 },
                "end": { "line": 180, "column": 3 }
            },
            "181": {
                "start": { "line": 182, "column": 0 },
                "end": { "line": 182, "column": 60 }
            },
            "182": {
                "start": { "line": 183, "column": 0 },
                "end": { "line": 183, "column": 61 }
            },
            "183": {
                "start": { "line": 184, "column": 0 },
                "end": { "line": 184, "column": 31 }
            },
            "184": {
                "start": { "line": 185, "column": 0 },
                "end": { "line": 185, "column": 79 }
            },
            "185": {
                "start": { "line": 186, "column": 0 },
                "end": { "line": 186, "column": 6 }
            },
            "186": {
                "start": { "line": 187, "column": 0 },
                "end": { "line": 187, "column": 41 }
            },
            "187": {
                "start": { "line": 188, "column": 0 },
                "end": { "line": 188, "column": 3 }
            },
            "189": {
                "start": { "line": 190, "column": 0 },
                "end": { "line": 190, "column": 60 }
            },
            "190": {
                "start": { "line": 191, "column": 0 },
                "end": { "line": 191, "column": 61 }
            },
            "191": {
                "start": { "line": 192, "column": 0 },
                "end": { "line": 192, "column": 31 }
            },
            "192": {
                "start": { "line": 193, "column": 0 },
                "end": { "line": 193, "column": 79 }
            },
            "193": {
                "start": { "line": 194, "column": 0 },
                "end": { "line": 194, "column": 6 }
            },
            "194": {
                "start": { "line": 195, "column": 0 },
                "end": { "line": 195, "column": 41 }
            },
            "195": {
                "start": { "line": 196, "column": 0 },
                "end": { "line": 196, "column": 3 }
            },
            "196": {
                "start": { "line": 197, "column": 0 },
                "end": { "line": 197, "column": 1 }
            },
            "198": {
                "start": { "line": 199, "column": 0 },
                "end": { "line": 199, "column": 51 }
            },
            "199": {
                "start": { "line": 200, "column": 0 },
                "end": { "line": 200, "column": 36 }
            },
            "200": {
                "start": { "line": 201, "column": 0 },
                "end": { "line": 201, "column": 37 }
            },
            "201": {
                "start": { "line": 202, "column": 0 },
                "end": { "line": 202, "column": 35 }
            },
            "202": {
                "start": { "line": 203, "column": 0 },
                "end": { "line": 203, "column": 35 }
            },
            "203": {
                "start": { "line": 204, "column": 0 },
                "end": { "line": 204, "column": 35 }
            },
            "204": {
                "start": { "line": 205, "column": 0 },
                "end": { "line": 205, "column": 37 }
            },
            "205": {
                "start": { "line": 206, "column": 0 },
                "end": { "line": 206, "column": 37 }
            },
            "206": {
                "start": { "line": 207, "column": 0 },
[...]
            },
            "787": {
                "start": { "line": 788, "column": 0 },
                "end": { "line": 788, "column": 2 }
            }
        },
        "s": {
            "0": 1,
            "3": 1,
            "207": 1,
            "208": 1,
            "209": 1,
            "210": 1,
            "211": 1,
            "212": 1,
            "213": 1,
            "214": 1,
            "215": 1,
            "216": 1,
            "217": 1,
            "218": 1,
            "219": 1,
            "220": 1,
            "221": 1,
            "222": 1,
            "223": 1,
            "224": 1,
            "225": 1,
            "226": 1,
            "227": 1,
            "228": 1,
            "229": 1,
            "230": 1,
            "231": 1,
            "232": 1,
            "233": 1,
            "234": 1,
            "235": 1,
            "236": 1,
            "237": 1,
            "238": 1,
            "239": 1,
            "240": 1,
            "241": 1,
            "242": 1,
            "243": 1,
            "244": 1,
            "245": 1,
            "246": 1,
            "247": 1,
            "248": 1,
            "249": 1,
            "250": 1,
            "251": 1,
            "252": 1,
            "253": 1,
            "254": 1,
            "255": 1,
            "256": 1,
            "257": 1,
            "258": 1,
            "259": 1,
            "260": 1,
            "261": 1,
            "262": 1,
            "263": 1,
            "264": 1,
            "265": 1,
            "266": 1,
            "267": 1,
            "268": 1,
            "269": 1,
            "270": 1,
            "271": 1,
            "272": 1,
            "273": 1,
            "274": 1,
            "275": 1,
            "276": 1,
            "277": 1,
            "278": 1,
            "279": 1,
            "280": 1,
            "281": 1,
            "282": 1,
            "285": 1,
            "286": 1,
            "287": 1,
            "288": 1,
            "291": 1,
            "292": 1,
            "293": 1,
            "294": 1,
            "297": 1,
            "298": 1,
            "299": 1,
            "300": 1,
            "303": 1,
            "304": 1,
            "305": 1,
            "306": 1,
            "307": 1,
            "308": 1,
            "309": 1,
            "310": 1,
            "311": 1,
            "312": 1,
            "313": 1,
            "314": 1,
            "315": 1,
            "316": 1,
            "317": 1,
            "318": 1,
            "319": 1,
            "320": 1,
            "321": 1,
            "322": 1,
            "323": 1,
            "324": 1,
            "325": 1,
            "326": 1,
            "327": 1,
            "328": 1,
            "329": 1,
            "330": 1,
            "331": 1,
            "332": 1,
            "333": 1,
            "334": 1,
            "335": 1,
            "336": 1,
            "337": 1,
            "338": 1,
            "339": 1,
            "340": 1,
            "341": 1,
            "342": 1,
            "343": 1,
            "344": 1,
            "345": 1,
            "346": 1,
            "347": 1,
            "348": 1,
            "349": 1,
            "350": 1,
            "351": 1,
            "352": 1,
            "353": 1,
            "354": 1,
            "355": 1,
            "356": 1,
            "357": 1,
            "358": 1,
            "359": 1,
            "360": 1,
            "361": 1,
            "362": 1,
            "363": 1,
            "364": 1,
            "365": 1,
            "366": 1,
            "367": 1,
            "368": 1,
            "369": 1,
            "370": 1,
            "371": 1,
            "372": 1,
            "373": 1,
            "374": 1,
            "375": 1,
            "376": 1,
            "377": 1,
            "378": 1,
            "379": 1,
            "380": 1,
            "381": 1,
            "382": 1,
            "383": 1,
            "384": 1,
            "385": 1,
            "386": 1,
            "387": 1,
            "388": 1,
            "389": 1,
            "390": 1,
            "391": 1,
            "392": 1,
            "393": 1,
            "394": 1,
            "395": 1,
            "396": 1,
            "397": 1,
            "398": 1,
            "399": 1,
            "400": 1,
            "401": 1,
            "402": 1,
            "403": 1,
            "404": 1,
            "407": 1,
            "408": 1,
            "409": 1,
            "410": 1,
            "411": 1,
            "412": 1,
            "413": 1,
            "414": 1,
            "415": 1,
            "418": 1,
            "419": 1,
            "420": 1,
            "421": 1,
            "422": 1,
            "423": 1,
            "424": 1,
            "425": 1,
            "426": 1,
            "429": 1,
            "430": 1,
            "431": 1,
            "432": 1,
            "433": 1,
            "434": 1,
            "435": 1,
            "436": 1,
            "437": 1,
            "438": 1,
            "440": 1,
            "441": 1,
            "442": 1,
            "443": 1,
            "444": 1,
            "445": 1,
            "446": 1,
            "447": 1,
            "448": 1,
            "449": 1,
            "451": 1,
            "452": 1,
            "453": 1,
            "454": 1,
            "455": 1,
            "456": 1,
            "457": 1,
            "458": 1,
            "461": 1,
            "462": 1,
            "463": 1,
            "464": 1,
            "465": 1,
            "466": 1,
            "467": 1,
            "468": 1,
            "469": 1,
            "471": 1,
            "473": 1,
            "474": 1,
            "475": 1,
            "476": 1,
            "477": 1,
            "478": 1,
            "479": 1,
            "480": 1,
            "481": 1,
            "482": 1,
            "483": 1,
            "484": 1,
            "485": 1,
            "486": 1,
            "487": 1,
            "488": 1,
            "489": 1,
            "490": 1,
            "491": 1,
            "492": 1,
            "493": 1,
            "494": 1,
            "495": 1,
            "496": 1,
            "497": 1,
            "500": 1,
            "501": 1,
            "502": 1,
            "503": 1,
            "504": 1,
            "505": 1,
            "506": 1,
            "507": 1,
            "508": 1,
            "509": 1,
            "510": 1,
            "511": 1,
            "512": 1,
            "513": 1,
            "514": 1,
            "515": 1,
            "516": 1,
            "517": 1,
            "518": 1,
            "519": 1,
            "520": 1,
            "521": 1,
            "522": 1,
            "523": 1,
            "524": 1,
            "527": 1,
            "528": 1,
            "529": 1,
            "530": 1,
            "531": 1,
            "532": 1,
            "533": 1,
            "534": 1,
            "535": 1,
            "536": 1,
            "537": 1,
            "538": 1,
            "539": 1,
            "540": 1,
            "541": 1,
            "542": 1,
            "543": 1,
            "544": 1,
            "545": 1,
            "546": 1,
            "547": 1,
            "548": 1,
            "549": 1,
            "550": 1,
            "551": 1,
            "554": 1,
            "555": 1,
            "556": 1,
            "557": 1,
            "560": 1,
            "561": 1,
            "562": 1,
            "563": 1,
            "566": 1,
            "567": 1,
            "568": 1,
            "569": 1,
            "570": 1,
            "571": 1,
            "572": 1,
            "573": 1,
            "574": 1,
            "575": 1,
            "576": 1,
            "577": 1,
            "578": 1,
            "579": 1,
            "580": 1,
            "581": 1,
            "582": 1,
            "583": 1,
            "584": 1,
            "585": 1,
            "586": 1,
            "587": 1,
            "588": 1,
            "589": 1,
            "590": 1,
            "591": 1,
            "592": 1,
            "593": 1,
            "594": 1,
            "595": 1,
            "596": 1,
            "597": 1,
            "598": 1,
            "599": 1,
            "600": 1,
            "601": 1,
            "602": 1,
            "603": 1,
            "604": 1,
            "605": 1,
            "606": 1,
            "607": 1,
            "608": 1,
            "609": 1,
            "610": 1,
            "611": 1,
            "612": 1,
            "613": 1,
            "614": 1,
            "615": 1,
            "616": 1,
            "617": 1,
            "618": 1,
            "619": 1,
            "620": 1,
            "621": 1,
            "622": 1,
            "623": 1,
            "624": 1,
            "625": 1,
            "626": 1,
            "627": 1,
            "628": 1,
            "629": 1,
            "630": 1,
            "631": 1,
            "632": 1,
            "633": 1,
            "634": 1,
            "635": 1,
            "638": 1,
            "639": 1,
            "640": 1,
            "641": 1,
            "642": 1,
            "643": 1,
            "644": 1,
            "645": 1,
            "646": 1,
            "647": 1,
            "648": 1,
            "649": 1,
            "650": 1,
            "651": 1,
            "652": 1,
            "653": 1,
            "654": 1,
            "655": 1,
            "656": 1,
            "659": 1,
            "660": 1,
            "661": 1,
            "662": 1,
            "663": 1,
            "664": 1,
            "665": 1,
            "666": 1,
            "667": 1,
            "668": 1,
            "669": 1,
            "670": 1,
            "671": 1,
            "672": 1,
            "673": 1,
            "674": 1,
            "675": 1,
            "687": 1,
            "688": 1,
            "689": 1,
            "690": 1,
            "691": 1,
            "692": 1,
            "693": 1,
            "694": 1,
            "695": 1,
            "696": 1,
            "697": 1,
            "698": 1,
            "699": 1,
            "700": 1,
            "701": 1,
            "702": 1,
            "703": 1,
            "704": 1,
            "705": 1,
            "706": 1,
            "707": 1,
            "708": 1,
            "709": 1,
            "710": 1,
            "711": 1,
            "712": 1,
            "713": 1,
            "714": 1,
            "715": 1,
            "716": 1,
            "717": 1,
            "718": 1,
            "719": 1,
            "720": 1,
            "721": 1,
            "722": 1,
            "724": 1,
            "725": 1,
            "726": 1,
            "729": 1,
            "730": 1,
            "731": 1,
            "732": 1,
            "733": 1,
            "734": 1,
            "735": 1,
            "736": 1,
            "737": 1,
            "738": 1,
            "739": 1,
            "740": 1,
            "741": 1,
            "742": 1,
            "743": 1,
            "744": 1,
            "745": 1,
            "746": 1,
            "747": 1,
            "748": 1,
            "749": 1,
            "750": 1,
            "751": 1,
            "752": 1,
            "753": 1,
            "754": 1,
            "755": 1,
            "756": 1,
            "759": 1,
            "760": 1,
            "761": 1,
            "762": 1,
            "763": 1,
            "764": 1,
            "765": 1,
            "766": 1,
            "767": 1,
            "768": 1,
            "769": 1,
            "770": 1,
            "771": 1,
            "772": 1,
            "773": 1,
            "774": 1,
            "775": 1,
            "776": 1,
            "777": 1,
            "778": 1,
            "779": 1,
            "780": 1,
            "781": 1,
            "782": 1,
            "783": 1,
            "784": 1,
            "785": 1,
            "786": 1,
            "787": 1
        },
        "branchMap": {
            "0": {
                "type": "branch",
                "line": 208,
                "loc": {
                    "start": { "line": 208, "column": 7 },
                    "end": { "line": 208, "column": 20 }
                },
                "locations": [
                    {
                        "start": { "line": 208, "column": 7 },
                        "end": { "line": 208, "column": 20 }
                    }
                ]
            },
            "1": {
                "type": "branch",
                "line": 286,
                "loc": {
                    "start": { "line": 286, "column": 7 },
                    "end": { "line": 286, "column": 23 }
                },
                "locations": [
                    {
                        "start": { "line": 286, "column": 7 },
                        "end": { "line": 286, "column": 23 }
                    }
                ]
            },
            "2": {
                "type": "branch",
                "line": 292,
                "loc": {
                    "start": { "line": 292, "column": 7 },
                    "end": { "line": 292, "column": 24 }
                },
                "locations": [
                    {
                        "start": { "line": 292, "column": 7 },
                        "end": { "line": 292, "column": 24 }
                    }
                ]
            },
            "3": {
                "type": "branch",
                "line": 298,
                "loc": {
                    "start": { "line": 298, "column": 7 },
                    "end": { "line": 298, "column": 23 }
                },
                "locations": [
                    {
                        "start": { "line": 298, "column": 7 },
                        "end": { "line": 298, "column": 23 }
                    }
                ]
            },
            "4": {
                "type": "branch",
                "line": 304,
                "loc": {
                    "start": { "line": 304, "column": 7 },
                    "end": { "line": 304, "column": 18 }
                },
                "locations": [
                    {
                        "start": { "line": 304, "column": 7 },
                        "end": { "line": 304, "column": 18 }
                    }
                ]
            },
            "5": {
                "type": "branch",
                "line": 408,
                "loc": {
                    "start": { "line": 408, "column": 7 },
                    "end": { "line": 408, "column": 22 }
                },
                "locations": [
                    {
                        "start": { "line": 408, "column": 7 },
                        "end": { "line": 408, "column": 22 }
                    }
                ]
            },
            "6": {
                "type": "branch",
                "line": 419,
                "loc": {
                    "start": { "line": 419, "column": 7 },
                    "end": { "line": 419, "column": 22 }
                },
                "locations": [
                    {
                        "start": { "line": 419, "column": 7 },
                        "end": { "line": 419, "column": 22 }
                    }
                ]
            },
            "7": {
                "type": "branch",
                "line": 452,
                "loc": {
                    "start": { "line": 452, "column": 7 },
                    "end": { "line": 452, "column": 22 }
                },
                "locations": [
                    {
                        "start": { "line": 452, "column": 7 },
                        "end": { "line": 452, "column": 22 }
                    }
                ]
            },
            "8": {
                "type": "branch",
                "line": 472,
                "loc": {
                    "start": { "line": 472, "column": 7 },
                    "end": { "line": 472, "column": 23 }
                },
                "locations": [
                    {
                        "start": { "line": 472, "column": 7 },
                        "end": { "line": 472, "column": 23 }
                    }
                ]
            },
            "9": {
                "type": "branch",
                "line": 555,
                "loc": {
                    "start": { "line": 555, "column": 7 },
                    "end": { "line": 555, "column": 27 }
                },
                "locations": [
                    {
                        "start": { "line": 555, "column": 7 },
                        "end": { "line": 555, "column": 27 }
                    }
                ]
            },
            "10": {
                "type": "branch",
                "line": 561,
                "loc": {
                    "start": { "line": 561, "column": 7 },
                    "end": { "line": 561, "column": 31 }
                },
                "locations": [
                    {
                        "start": { "line": 561, "column": 7 },
                        "end": { "line": 561, "column": 31 }
                    }
                ]
            },
            "11": {
                "type": "branch",
                "line": 567,
                "loc": {
                    "start": { "line": 567, "column": 7 },
                    "end": { "line": 567, "column": 28 }
                },
                "locations": [
                    {
                        "start": { "line": 567, "column": 7 },
                        "end": { "line": 567, "column": 28 }
                    }
                ]
            },
            "12": {
                "type": "branch",
                "line": 639,
                "loc": {
                    "start": { "line": 639, "column": 7 },
                    "end": { "line": 639, "column": 28 }
                },
                "locations": [
                    {
                        "start": { "line": 639, "column": 7 },
                        "end": { "line": 639, "column": 28 }
                    }
                ]
            },
            "13": {
                "type": "branch",
                "line": 660,
                "loc": {
                    "start": { "line": 660, "column": 7 },
                    "end": { "line": 660, "column": 24 }
                },
                "locations": [
                    {
                        "start": { "line": 660, "column": 7 },
                        "end": { "line": 660, "column": 24 }
                    }
                ]
            },
            "14": {
                "type": "branch",
                "line": 725,
                "loc": {
                    "start": { "line": 725, "column": 7 },
                    "end": { "line": 725, "column": 20 }
                },
                "locations": [
                    {
                        "start": { "line": 725, "column": 7 },
                        "end": { "line": 725, "column": 20 }
                    }
                ]
            },
            "15": {
                "type": "branch",
                "line": 730,
                "loc": {
                    "start": { "line": 730, "column": 7 },
                    "end": { "line": 730, "column": 23 }
                },
                "locations": [
                    {
                        "start": { "line": 730, "column": 7 },
                        "end": { "line": 730, "column": 23 }
                    }
                ]
            }
        },
        "b": {
            "0": [4],
            "1": [4],
            "2": [4],
            "3": [4],
            "4": [4],
            "5": [4],
            "6": [4],
            "7": [4],
            "8": [4],
            "9": [4],
            "10": [4],
            "11": [4],
            "12": [4],
            "13": [4],
            "14": [4],
            "15": [4]
        },
        "fnMap": {},
        "f": {}
    }
}
